Exporter version: 6.4.5, Blender version: 2.90.1
========= Conversion from Blender to Babylon.js =========
	Scene settings used :
		Inline textures     :  false
		Material Type       :  PBR
		Positions Precision :  4
		Normals Precision   :  3
		UVs Precision       :  3
		Vert Color Precision:  3
		Mat Weight Precision:  2
		Keep Z-up r-handed  :  no
		Texture directory   :  C:\Users\svent\Documents\sven-frankson\fluid-x\datas\meshes\
	Python World class constructor completed
	WARNING: No active camera has been assigned, or is not in a currently selected Blender layer
	processing begun of mesh:  2-switchbox-top
		WARNING: No materials have been assigned: 
		num positions      :  17
		num normals        :  17
		num tangents       :  0
		num uvs            :  34
		num uvs2           :  0
		num colors         :  0
		num triangles      :  16
	processing begun of mesh:  0-switchbox-frame
		WARNING: No materials have been assigned: 
		num positions      :  20
		num normals        :  20
		num tangents       :  0
		num uvs            :  40
		num uvs2           :  0
		num colors         :  0
		num triangles      :  20
	processing begun of mesh:  1-switchbox-box
		WARNING: No materials have been assigned: 
		num positions      :  120
		num normals        :  120
		num tangents       :  0
		num uvs            :  240
		num uvs2           :  0
		num colors         :  0
		num triangles      :  144
	processing begun of mesh:  99-switchbox-box.001
		processing begun of material:  red
		processing begun of material:  green
		processing begun of multimaterial:  door.Multimaterial#0
		num positions      :  144
		num normals        :  144
		num tangents       :  0
		num uvs            :  288
		num uvs2           :  0
		num colors         :  0
		num triangles      :  144
========= Writing of JSON file started =========
	writing mesh:  2-switchbox-top
	writing mesh:  0-switchbox-frame
	writing mesh:  1-switchbox-box
	writing mesh:  99-switchbox-box.001
========= Writing of JSON file completed =========
========= end of processing =========
elapsed time:  0 min, 0.026 secs
