Exporter version: 6.4.5, Blender version: 2.90.1
========= Conversion from Blender to Babylon.js =========
	Scene settings used :
		Inline textures     :  false
		Material Type       :  PBR
		Positions Precision :  4
		Normals Precision   :  3
		UVs Precision       :  3
		Vert Color Precision:  3
		Mat Weight Precision:  2
		Keep Z-up r-handed  :  no
		Texture directory   :  C:\Users\svent\Documents\sven-frankson\fluid-x\datas\meshes\
	Python World class constructor completed
	WARNING: No active camera has been assigned, or is not in a currently selected Blender layer
	processing begun of mesh:  0-mast
		WARNING: No materials have been assigned: 
		num positions      :  35
		num normals        :  35
		num tangents       :  0
		num uvs            :  70
		num uvs2           :  0
		num colors         :  0
		num triangles      :  56
	processing begun of mesh:  1-flag
		WARNING: No materials have been assigned: 
		num positions      :  24
		num normals        :  24
		num tangents       :  0
		num uvs            :  48
		num uvs2           :  0
		num colors         :  0
		num triangles      :  20
========= Writing of JSON file started =========
	writing mesh:  0-mast
	writing mesh:  1-flag
========= Writing of JSON file completed =========
========= end of processing =========
elapsed time:  0 min, 0.0099 secs
