Exporter version: 6.4.5, Blender version: 2.90.1
========= Conversion from Blender to Babylon.js =========
	Scene settings used :
		Inline textures     :  false
		Material Type       :  PBR
		Positions Precision :  4
		Normals Precision   :  3
		UVs Precision       :  3
		Vert Color Precision:  3
		Mat Weight Precision:  2
		Keep Z-up r-handed  :  no
		Texture directory   :  C:\Users\svent\Documents\sven-frankson\fluid-x\datas\meshes\
	Python World class constructor completed
	WARNING: No active camera has been assigned, or is not in a currently selected Blender layer
	processing begun of mesh:  0-box
		WARNING: No materials have been assigned: 
		num positions      :  6
		num normals        :  6
		num tangents       :  0
		num uvs            :  12
		num uvs2           :  0
		num colors         :  0
		num triangles      :  2
	processing begun of mesh:  3-border-cross-cross
		processing begun of material:  Material
		num positions      :  125
		num normals        :  125
		num tangents       :  0
		num uvs            :  250
		num uvs2           :  0
		num colors         :  0
		num triangles      :  108
	processing begun of mesh:  2-border-cross-straight
		processing begun of material:  Material
		registered as also a user of material:  Material
		num positions      :  116
		num normals        :  116
		num tangents       :  0
		num uvs            :  232
		num uvs2           :  0
		num colors         :  0
		num triangles      :  104
	processing begun of mesh:  1-floor
		WARNING: No materials have been assigned: 
		num positions      :  4
		num normals        :  4
		num tangents       :  0
		num uvs            :  8
		num uvs2           :  0
		num colors         :  0
		num triangles      :  2
========= Writing of JSON file started =========
	writing mesh:  0-box
	writing mesh:  3-border-cross-cross
	writing mesh:  2-border-cross-straight
	writing mesh:  1-floor
========= Writing of JSON file completed =========
========= end of processing =========
elapsed time:  0 min, 0.0215 secs
