Exporter version: 6.4.5, Blender version: 2.90.1
========= Conversion from Blender to Babylon.js =========
	Scene settings used :
		Inline textures     :  false
		Material Type       :  PBR
		Positions Precision :  4
		Normals Precision   :  3
		UVs Precision       :  3
		Vert Color Precision:  3
		Mat Weight Precision:  2
		Keep Z-up r-handed  :  no
		Texture directory   :  C:\Users\svent\Documents\sven-frankson\fluid-x\datas\meshes\
	Python World class constructor completed
	WARNING: No active camera has been assigned, or is not in a currently selected Blender layer
	processing begun of mesh:  0-straight-border
		WARNING: No materials have been assigned: 
		num positions      :  16
		num normals        :  16
		num tangents       :  0
		num uvs            :  32
		num uvs2           :  0
		num colors         :  0
		num triangles      :  8
	processing begun of mesh:  2-straight-water
		WARNING: No materials have been assigned: 
		num positions      :  4
		num normals        :  4
		num tangents       :  0
		num uvs            :  8
		num uvs2           :  0
		num colors         :  0
		num triangles      :  2
	processing begun of mesh:  1-straight-shore
		WARNING: No materials have been assigned: 
		num positions      :  8
		num normals        :  8
		num tangents       :  0
		num uvs            :  16
		num uvs2           :  0
		num colors         :  0
		num triangles      :  4
	processing begun of mesh:  4-turn-border
		WARNING: No materials have been assigned: 
		num positions      :  64
		num normals        :  64
		num tangents       :  0
		num uvs            :  128
		num uvs2           :  0
		num colors         :  0
		num triangles      :  56
	processing begun of mesh:  6-turn-water
		WARNING: No materials have been assigned: 
		num positions      :  18
		num normals        :  18
		num tangents       :  0
		num uvs            :  36
		num uvs2           :  0
		num colors         :  0
		num triangles      :  16
	processing begun of mesh:  5-turn-shore
		WARNING: No materials have been assigned: 
		num positions      :  36
		num normals        :  36
		num tangents       :  0
		num uvs            :  72
		num uvs2           :  0
		num colors         :  0
		num triangles      :  32
	processing begun of mesh:  7-turn-floor
		WARNING: No materials have been assigned: 
		num positions      :  16
		num normals        :  16
		num tangents       :  0
		num uvs            :  32
		num uvs2           :  0
		num colors         :  0
		num triangles      :  14
========= Writing of JSON file started =========
	writing mesh:  0-straight-border
	writing mesh:  2-straight-water
	writing mesh:  1-straight-shore
	writing mesh:  4-turn-border
	writing mesh:  6-turn-water
	writing mesh:  5-turn-shore
	writing mesh:  7-turn-floor
========= Writing of JSON file completed =========
========= end of processing =========
elapsed time:  0 min, 0.0268 secs
